<?xml version="1.0" encoding="utf-8"?><testsuites name="pytest tests"><testsuite name="pytest" errors="0" failures="0" skipped="0" tests="8" time="20.151" timestamp="2026-05-21T13:25:17.466669+09:00" hostname="DESKTOP-QQ1F8RH"><testcase classname="tests.test_player_bridge_movement" name="test_tc_mj_001_player_moves_left_by_bridge" time="2.119" /><testcase classname="tests.test_player_bridge_movement" name="test_tc_mj_002_player_moves_right_by_bridge" time="1.994" /><testcase classname="tests.test_player_bridge_movement" name="test_tc_mj_003_player_stops_after_move_input_released_by_bridge" time="2.733" /><testcase classname="tests.test_player_bridge_movement" name="test_tc_mj_004_player_direction_changes_left_and_right_by_bridge" time="2.750" /><testcase classname="tests.test_player_bridge_movement" name="test_tc_mj_005_player_basic_jump_by_bridge" time="2.343" /><testcase classname="tests.test_player_bridge_movement" name="test_tc_mj_006_player_moves_right_while_jumping_by_bridge" time="1.726" /><testcase classname="tests.test_player_bridge_movement" name="test_tc_mj_007_player_cannot_double_jump_by_bridge" time="1.254" /><testcase classname="tests.test_player_bridge_movement" name="test_tc_mj_008_player_opposite_direction_input_is_stable_by_bridge" time="1.937" /></testsuite></testsuites>