<?xml version="1.0" encoding="utf-8"?><testsuites name="pytest tests"><testsuite name="pytest" errors="0" failures="1" skipped="0" tests="9" time="21.677" timestamp="2026-05-21T13:24:19.165776+09:00" hostname="DESKTOP-QQ1F8RH"><testcase classname="tests.test_player_bridge_movement" name="test_tc_mj_001_player_moves_left_by_bridge" time="2.304" /><testcase classname="tests.test_player_bridge_movement" name="test_tc_mj_002_player_moves_right_by_bridge" time="1.996" /><testcase classname="tests.test_player_bridge_movement" name="test_tc_mj_003_player_stops_after_move_input_released_by_bridge" time="2.725" /><testcase classname="tests.test_player_bridge_movement" name="test_tc_mj_004_player_direction_changes_left_and_right_by_bridge" time="2.726" /><testcase classname="tests.test_player_bridge_movement" name="test_tc_mj_005_player_basic_jump_by_bridge" time="2.332" /><testcase classname="tests.test_player_bridge_movement" name="test_tc_mj_006_player_moves_right_while_jumping_by_bridge" time="1.744" /><testcase classname="tests.test_player_bridge_movement" name="test_tc_mj_007_player_cannot_double_jump_by_bridge" time="1.235" /><testcase classname="tests.test_player_bridge_movement" name="test_tc_mj_008_player_opposite_direction_input_is_stable_by_bridge" time="1.921" /><testcase classname="tests.test_pipeline_failure_sample" name="test_tc_mj_009_pipeline_failure_sample" time="0.139"><failure message="AssertionError: TC-MJ-009 실패 검증용 테스트: Excel, Allure, Jira 실패 처리 확인&#10;assert False">def test_tc_mj_009_pipeline_failure_sample():
&gt;       assert False, "TC-MJ-009 실패 검증용 테스트: Excel, Allure, Jira 실패 처리 확인"
E       AssertionError: TC-MJ-009 실패 검증용 테스트: Excel, Allure, Jira 실패 처리 확인
E       assert False

tests\test_pipeline_failure_sample.py:2: AssertionError</failure></testcase></testsuite></testsuites>